2019-11-05 16:08:16.840  INFO 11716 --- [main] c.mine.springboot.SpringbootApplication  : Starting SpringbootApplication on LAPTOP-Glc with PID 11716 (E:\WorkingSpace\SpringBoot\target\classes started by ASUS in E:\WorkingSpace\SpringBoot)
2019-11-05 16:08:16.847  INFO 11716 --- [main] c.mine.springboot.SpringbootApplication  : No active profile set, falling back to default profiles: default
2019-11-05 16:08:17.837  INFO 11716 --- [main] .s.d.r.c.RepositoryConfigurationDelegate : Multiple Spring Data modules found, entering strict repository configuration mode!
2019-11-05 16:08:17.842  INFO 11716 --- [main] .s.d.r.c.RepositoryConfigurationDelegate : Bootstrapping Spring Data repositories in DEFAULT mode.
2019-11-05 16:08:17.881  INFO 11716 --- [main] .s.d.r.c.RepositoryConfigurationDelegate : Finished Spring Data repository scanning in 18ms. Found 0 repository interfaces.
2019-11-05 16:08:18.267  INFO 11716 --- [main] trationDelegate$BeanPostProcessorChecker : Bean 'org.springframework.transaction.annotation.ProxyTransactionManagementConfiguration' of type [org.springframework.transaction.annotation.ProxyTransactionManagementConfiguration] is not eligible for getting processed by all BeanPostProcessors (for example: not eligible for auto-proxying)
2019-11-05 16:08:18.812  INFO 11716 --- [main] o.s.b.w.embedded.tomcat.TomcatWebServer  : Tomcat initialized with port(s): 9528 (http)
2019-11-05 16:08:18.824  INFO 11716 --- [main] o.apache.catalina.core.StandardService   : Starting service [Tomcat]
2019-11-05 16:08:18.824  INFO 11716 --- [main] org.apache.catalina.core.StandardEngine  : Starting Servlet engine: [Apache Tomcat/9.0.27]
2019-11-05 16:08:18.947  INFO 11716 --- [main] o.a.c.c.C.[.[localhost].[/springboot]    : Initializing Spring embedded WebApplicationContext
2019-11-05 16:08:18.948  INFO 11716 --- [main] o.s.web.context.ContextLoader            : Root WebApplicationContext: initialization completed in 1810 ms
2019-11-05 16:08:19.880  INFO 11716 --- [main] o.s.s.concurrent.ThreadPoolTaskExecutor  : Initializing ExecutorService 'applicationTaskExecutor'
2019-11-05 16:08:20.179  INFO 11716 --- [main] o.s.b.w.embedded.tomcat.TomcatWebServer  : Tomcat started on port(s): 9528 (http) with context path '/springboot'
2019-11-05 16:08:20.182  INFO 11716 --- [main] c.mine.springboot.SpringbootApplication  : Started SpringbootApplication in 3.956 seconds (JVM running for 5.55)
2019-11-05 16:10:35.700  INFO 9480 --- [main] c.m.s.m.t.s.impl.TestServiceImplTest     : Starting TestServiceImplTest on LAPTOP-Glc with PID 9480 (started by ASUS in E:\WorkingSpace\SpringBoot)
2019-11-05 16:10:35.703  INFO 9480 --- [main] c.m.s.m.t.s.impl.TestServiceImplTest     : No active profile set, falling back to default profiles: default
2019-11-05 16:10:36.860  INFO 9480 --- [main] .s.d.r.c.RepositoryConfigurationDelegate : Multiple Spring Data modules found, entering strict repository configuration mode!
2019-11-05 16:10:36.863  INFO 9480 --- [main] .s.d.r.c.RepositoryConfigurationDelegate : Bootstrapping Spring Data repositories in DEFAULT mode.
2019-11-05 16:10:36.902  INFO 9480 --- [main] .s.d.r.c.RepositoryConfigurationDelegate : Finished Spring Data repository scanning in 23ms. Found 0 repository interfaces.
2019-11-05 16:10:37.329  INFO 9480 --- [main] trationDelegate$BeanPostProcessorChecker : Bean 'org.springframework.transaction.annotation.ProxyTransactionManagementConfiguration' of type [org.springframework.transaction.annotation.ProxyTransactionManagementConfiguration] is not eligible for getting processed by all BeanPostProcessors (for example: not eligible for auto-proxying)
2019-11-05 16:10:39.195  INFO 9480 --- [main] o.s.s.concurrent.ThreadPoolTaskExecutor  : Initializing ExecutorService 'applicationTaskExecutor'
2019-11-05 16:10:39.877  INFO 9480 --- [main] c.m.s.m.t.s.impl.TestServiceImplTest     : Started TestServiceImplTest in 4.814 seconds (JVM running for 7.463)
2019-11-05 16:10:40.218  INFO 9480 --- [SpringContextShutdownHook] o.s.s.concurrent.ThreadPoolTaskExecutor  : Shutting down ExecutorService 'applicationTaskExecutor'
2019-11-05 16:13:17.130  INFO 7544 --- [main] c.mine.springboot.SpringbootApplication  : Starting SpringbootApplication on LAPTOP-Glc with PID 7544 (E:\WorkingSpace\SpringBoot\target\classes started by ASUS in E:\WorkingSpace\SpringBoot)
2019-11-05 16:13:17.132  INFO 7544 --- [main] c.mine.springboot.SpringbootApplication  : No active profile set, falling back to default profiles: default
2019-11-05 16:13:18.193  INFO 7544 --- [main] .s.d.r.c.RepositoryConfigurationDelegate : Multiple Spring Data modules found, entering strict repository configuration mode!
2019-11-05 16:13:18.196  INFO 7544 --- [main] .s.d.r.c.RepositoryConfigurationDelegate : Bootstrapping Spring Data repositories in DEFAULT mode.
2019-11-05 16:13:18.240  INFO 7544 --- [main] .s.d.r.c.RepositoryConfigurationDelegate : Finished Spring Data repository scanning in 17ms. Found 0 repository interfaces.
2019-11-05 16:13:18.605  INFO 7544 --- [main] trationDelegate$BeanPostProcessorChecker : Bean 'org.springframework.transaction.annotation.ProxyTransactionManagementConfiguration' of type [org.springframework.transaction.annotation.ProxyTransactionManagementConfiguration] is not eligible for getting processed by all BeanPostProcessors (for example: not eligible for auto-proxying)
2019-11-05 16:13:18.944  INFO 7544 --- [main] o.s.b.w.embedded.tomcat.TomcatWebServer  : Tomcat initialized with port(s): 9528 (http)
2019-11-05 16:13:18.953  INFO 7544 --- [main] o.apache.catalina.core.StandardService   : Starting service [Tomcat]
2019-11-05 16:13:18.954  INFO 7544 --- [main] org.apache.catalina.core.StandardEngine  : Starting Servlet engine: [Apache Tomcat/9.0.27]
2019-11-05 16:13:19.049  INFO 7544 --- [main] o.a.c.c.C.[.[localhost].[/springboot]    : Initializing Spring embedded WebApplicationContext
2019-11-05 16:13:19.049  INFO 7544 --- [main] o.s.web.context.ContextLoader            : Root WebApplicationContext: initialization completed in 1843 ms
2019-11-05 16:13:19.969  INFO 7544 --- [main] o.s.s.concurrent.ThreadPoolTaskExecutor  : Initializing ExecutorService 'applicationTaskExecutor'
2019-11-05 16:13:20.296  INFO 7544 --- [main] o.s.b.w.embedded.tomcat.TomcatWebServer  : Tomcat started on port(s): 9528 (http) with context path '/springboot'
2019-11-05 16:13:20.299  INFO 7544 --- [main] c.mine.springboot.SpringbootApplication  : Started SpringbootApplication in 3.585 seconds (JVM running for 5.102)
2019-11-05 16:13:57.785  INFO 2684 --- [main] c.mine.springboot.SpringbootApplication  : Starting SpringbootApplication on LAPTOP-Glc with PID 2684 (E:\WorkingSpace\SpringBoot\target\classes started by ASUS in E:\WorkingSpace\SpringBoot)
2019-11-05 16:13:57.790  INFO 2684 --- [main] c.mine.springboot.SpringbootApplication  : No active profile set, falling back to default profiles: default
2019-11-05 16:13:58.568  INFO 2684 --- [main] .s.d.r.c.RepositoryConfigurationDelegate : Multiple Spring Data modules found, entering strict repository configuration mode!
2019-11-05 16:13:58.573  INFO 2684 --- [main] .s.d.r.c.RepositoryConfigurationDelegate : Bootstrapping Spring Data repositories in DEFAULT mode.
2019-11-05 16:13:58.618  INFO 2684 --- [main] .s.d.r.c.RepositoryConfigurationDelegate : Finished Spring Data repository scanning in 19ms. Found 0 repository interfaces.
2019-11-05 16:13:58.874  INFO 2684 --- [main] trationDelegate$BeanPostProcessorChecker : Bean 'org.springframework.transaction.annotation.ProxyTransactionManagementConfiguration' of type [org.springframework.transaction.annotation.ProxyTransactionManagementConfiguration] is not eligible for getting processed by all BeanPostProcessors (for example: not eligible for auto-proxying)
2019-11-05 16:13:59.197  INFO 2684 --- [main] o.s.b.w.embedded.tomcat.TomcatWebServer  : Tomcat initialized with port(s): 9528 (http)
2019-11-05 16:13:59.205  INFO 2684 --- [main] o.apache.catalina.core.StandardService   : Starting service [Tomcat]
2019-11-05 16:13:59.205  INFO 2684 --- [main] org.apache.catalina.core.StandardEngine  : Starting Servlet engine: [Apache Tomcat/9.0.27]
2019-11-05 16:13:59.298  INFO 2684 --- [main] o.a.c.c.C.[.[localhost].[/springboot]    : Initializing Spring embedded WebApplicationContext
2019-11-05 16:13:59.298  INFO 2684 --- [main] o.s.web.context.ContextLoader            : Root WebApplicationContext: initialization completed in 1419 ms
2019-11-05 16:14:00.020  INFO 2684 --- [main] o.s.s.concurrent.ThreadPoolTaskExecutor  : Initializing ExecutorService 'applicationTaskExecutor'
2019-11-05 16:14:00.305  INFO 2684 --- [main] o.s.b.w.embedded.tomcat.TomcatWebServer  : Tomcat started on port(s): 9528 (http) with context path '/springboot'
2019-11-05 16:14:00.308  INFO 2684 --- [main] c.mine.springboot.SpringbootApplication  : Started SpringbootApplication in 3.059 seconds (JVM running for 4.477)
2019-11-05 16:17:56.084  INFO 11168 --- [main] c.mine.springboot.SpringbootApplication  : Starting SpringbootApplication on LAPTOP-Glc with PID 11168 (E:\WorkingSpace\SpringBoot\target\classes started by ASUS in E:\WorkingSpace\SpringBoot)
2019-11-05 16:17:56.087  INFO 11168 --- [main] c.mine.springboot.SpringbootApplication  : No active profile set, falling back to default profiles: default
2019-11-05 16:17:56.951  INFO 11168 --- [main] .s.d.r.c.RepositoryConfigurationDelegate : Multiple Spring Data modules found, entering strict repository configuration mode!
2019-11-05 16:17:56.955  INFO 11168 --- [main] .s.d.r.c.RepositoryConfigurationDelegate : Bootstrapping Spring Data repositories in DEFAULT mode.
2019-11-05 16:17:56.994  INFO 11168 --- [main] .s.d.r.c.RepositoryConfigurationDelegate : Finished Spring Data repository scanning in 19ms. Found 0 repository interfaces.
2019-11-05 16:17:57.283  INFO 11168 --- [main] trationDelegate$BeanPostProcessorChecker : Bean 'org.springframework.transaction.annotation.ProxyTransactionManagementConfiguration' of type [org.springframework.transaction.annotation.ProxyTransactionManagementConfiguration] is not eligible for getting processed by all BeanPostProcessors (for example: not eligible for auto-proxying)
2019-11-05 16:17:57.665  INFO 11168 --- [main] o.s.b.w.embedded.tomcat.TomcatWebServer  : Tomcat initialized with port(s): 9528 (http)
2019-11-05 16:17:57.673  INFO 11168 --- [main] o.apache.catalina.core.StandardService   : Starting service [Tomcat]
2019-11-05 16:17:57.674  INFO 11168 --- [main] org.apache.catalina.core.StandardEngine  : Starting Servlet engine: [Apache Tomcat/9.0.27]
2019-11-05 16:17:57.769  INFO 11168 --- [main] o.a.c.c.C.[.[localhost].[/springboot]    : Initializing Spring embedded WebApplicationContext
2019-11-05 16:17:57.769  INFO 11168 --- [main] o.s.web.context.ContextLoader            : Root WebApplicationContext: initialization completed in 1606 ms
2019-11-05 16:17:58.470  INFO 11168 --- [main] o.s.s.concurrent.ThreadPoolTaskExecutor  : Initializing ExecutorService 'applicationTaskExecutor'
2019-11-05 16:17:58.783  INFO 11168 --- [main] o.s.b.w.embedded.tomcat.TomcatWebServer  : Tomcat started on port(s): 9528 (http) with context path '/springboot'
2019-11-05 16:17:58.785  INFO 11168 --- [main] c.mine.springboot.SpringbootApplication  : Started SpringbootApplication in 3.098 seconds (JVM running for 4.243)
